Arguments: 
  C:\Program Files\nodejs\node.exe C:\Users\Akshay\AppData\Roaming\npm\node_modules\yarn\bin\yarn.js install

PATH: 
  C:\Users\Akshay\bin;C:\Program Files\Git\mingw64\bin;C:\Program Files\Git\usr\local\bin;C:\Program Files\Git\usr\bin;C:\Program Files\Git\usr\bin;C:\Program Files\Git\mingw64\bin;C:\Program Files\Git\usr\bin;C:\Users\Akshay\bin;C:\Program Files\Common Files\Oracle\Java\javapath;C:\Python311\Scripts;C:\Python311;C:\WINDOWS\system32;C:\WINDOWS;C:\WINDOWS\System32\Wbem;C:\WINDOWS\System32\WindowsPowerShell\v1.0;C:\WINDOWS\System32\OpenSSH;C:\Program Files\Microsoft SQL Server\150\Tools\Binn;C:\Program Files\Microsoft SQL Server\Client SDK\ODBC\170\Tools\Binn;C:\Program Files\dotnet;C:\Program Files\nodejs;C:\ProgramData\chocolatey\bin;C:\Program Files\Git\cmd;C:\Program Files\Docker\Docker\resources\bin;C:\Program Files\Amazon\AWSCLIV2;C:\Users\Akshay\AppData\Local\Microsoft\WindowsApps;C:\Users\Akshay\AppData\Local\Programs\Microsoft VS Code\bin;C:\Users\Akshay\.dotnet\tools;C:\Users\Akshay\AppData\Roaming\npm;C:\Program Files\JetBrains\IntelliJ IDEA Community Edition 2023.2.2\bin;C:\Program Files\Git\usr\bin\vendor_perl;C:\Program Files\Git\usr\bin\core_perl

Yarn version: 
  1.22.19

Node version: 
  18.16.0

Platform: 
  win32 x64

Trace: 
  Error: EPERM: operation not permitted, unlink 'E:\blogSocialFiles\blogsocial-main\youtube-mern-blog-app\youtube-mern-blog-app\api\node_modules\bcrypt\lib\binding\napi-v3\bcrypt_lib.node'

npm manifest: 
  {
    "dependencies": {
      "bcrypt": "^5.0.1",
      "cors": "^2.8.5",
      "dotenv": "^9.0.2",
      "express": "^4.17.1",
      "mongoose": "^5.12.9",
      "multer": "^1.4.2",
      "nodemon": "^2.0.7",
      "path": "^0.12.7"
    },
    "name": "api",
    "version": "1.0.0",
    "main": "index.js",
    "scripts": {
      "start": "nodemon index.js"
    },
    "author": "",
    "license": "ISC",
    "description": ""
  }

yarn manifest: 
  No manifest

Lockfile: 
  No lockfile
